<?xml version="1.0" encoding="UTF-8"?>
<!-- Generated by org.testng.reporters.JUnitXMLReporter -->
<testsuite hostname="Leps" ignored="0" name="Test1" tests="30" failures="1" timestamp="29 Nov 2022 03:53:57 GMT" time="563.14" errors="0">
  <testcase name="closeBrowser" time="0.813" classname="com.obsqura.testscripts.HomePageTest"/>
  <testcase name="testCheckBox" time="4.569" classname="com.obsqura.testscripts.HomePageTest"/>
  <testcase name="testCheckTitle" time="0.052" classname="com.obsqura.testscripts.HomePageTest"/>
  <testcase name="testInvalidCredentials" time="11.008" classname="com.obsqura.testscripts.HomePageTest"/>
  <testcase name="testLogin" time="2.84" classname="com.obsqura.testscripts.HomePageTest"/>
  <testcase name="testLogout" time="4.67" classname="com.obsqura.testscripts.HomePageTest"/>
  <testcase name="testResetPassword" time="3.616" classname="com.obsqura.testscripts.HomePageTest"/>
  <testcase name="testingInvalidLoginBlank" time="16.332" classname="com.obsqura.testscripts.HomePageTest"/>
  <testcase name="checkDisplayName" time="7.99" classname="com.obsqura.testscripts.WorkerPageTest"/>
  <testcase name="testAddWorkerSave" time="19.144" classname="com.obsqura.testscripts.WorkerPageTest"/>
  <testcase name="testCreateWorkerTab" time="4.164" classname="com.obsqura.testscripts.WorkerPageTest"/>
  <testcase name="testInvalidWorkerName" time="18.344" classname="com.obsqura.testscripts.WorkerPageTest">
    <failure type="org.openqa.selenium.NoSuchElementException" message="no such element: Unable to locate element: {&amp;quot;method&amp;quot;:&amp;quot;xpath&amp;quot;,&amp;quot;selector&amp;quot;:&amp;quot;//*[@id=&amp;quot;w1&amp;quot;]/table/tbody/tr/td/div&amp;quot;}
  (Session info: chrome=107.0.5304.122)
For documentation on this error, please visit: https://selenium.dev/exceptions/#no_such_element
Build info: version: &amp;apos;4.4.0&amp;apos;, revision: &amp;apos;e5c75ed026a&amp;apos;
System info: host: &amp;apos;LEPS&amp;apos;, ip: &amp;apos;192.168.1.3&amp;apos;, os.name: &amp;apos;Windows 11&amp;apos;, os.arch: &amp;apos;amd64&amp;apos;, os.version: &amp;apos;10.0&amp;apos;, java.version: &amp;apos;1.8.0_333&amp;apos;
Driver info: org.openqa.selenium.chrome.ChromeDriver
Command: [d956277b0491678c90c7fcf9b1f195ad, findElement {using=xpath, value=//*[@id=&amp;quot;w1&amp;quot;]/table/tbody/tr/td/div}]
Capabilities {acceptInsecureCerts: false, browserName: chrome, browserVersion: 107.0.5304.122, chrome: {chromedriverVersion: 107.0.5304.62 (1eec40d3a576..., userDataDir: C:\Users\ACER\AppData\Local...}, goog:chromeOptions: {debuggerAddress: localhost:56946}, networkConnectionEnabled: false, pageLoadStrategy: normal, platformName: WINDOWS, proxy: Proxy(), se:cdp: ws://localhost:56946/devtoo..., se:cdpVersion: 107.0.5304.122, setWindowRect: true, strictFileInteractability: false, timeouts: {implicit: 0, pageLoad: 300000, script: 30000}, unhandledPromptBehavior: dismiss and notify, webauthn:extension:credBlob: true, webauthn:extension:largeBlob: true, webauthn:virtualAuthenticators: true}
Session ID: d956277b0491678c90c7fcf9b1f195ad">
      <![CDATA[org.openqa.selenium.NoSuchElementException: no such element: Unable to locate element: {"method":"xpath","selector":"//*[@id="w1"]/table/tbody/tr/td/div"}
  (Session info: chrome=107.0.5304.122)
For documentation on this error, please visit: https://selenium.dev/exceptions/#no_such_element
Build info: version: '4.4.0', revision: 'e5c75ed026a'
System info: host: 'LEPS', ip: '192.168.1.3', os.name: 'Windows 11', os.arch: 'amd64', os.version: '10.0', java.version: '1.8.0_333'
Driver info: org.openqa.selenium.chrome.ChromeDriver
Command: [d956277b0491678c90c7fcf9b1f195ad, findElement {using=xpath, value=//*[@id="w1"]/table/tbody/tr/td/div}]
Capabilities {acceptInsecureCerts: false, browserName: chrome, browserVersion: 107.0.5304.122, chrome: {chromedriverVersion: 107.0.5304.62 (1eec40d3a576..., userDataDir: C:\Users\ACER\AppData\Local...}, goog:chromeOptions: {debuggerAddress: localhost:56946}, networkConnectionEnabled: false, pageLoadStrategy: normal, platformName: WINDOWS, proxy: Proxy(), se:cdp: ws://localhost:56946/devtoo..., se:cdpVersion: 107.0.5304.122, setWindowRect: true, strictFileInteractability: false, timeouts: {implicit: 0, pageLoad: 300000, script: 30000}, unhandledPromptBehavior: dismiss and notify, webauthn:extension:credBlob: true, webauthn:extension:largeBlob: true, webauthn:virtualAuthenticators: true}
Session ID: d956277b0491678c90c7fcf9b1f195ad
at org.openqa.selenium.remote.codec.w3c.W3CHttpResponseCodec.createException(W3CHttpResponseCodec.java:200)
at org.openqa.selenium.remote.codec.w3c.W3CHttpResponseCodec.decode(W3CHttpResponseCodec.java:133)
at org.openqa.selenium.remote.codec.w3c.W3CHttpResponseCodec.decode(W3CHttpResponseCodec.java:53)
at org.openqa.selenium.remote.HttpCommandExecutor.execute(HttpCommandExecutor.java:184)
at org.openqa.selenium.remote.service.DriverCommandExecutor.invokeExecute(DriverCommandExecutor.java:167)
at org.openqa.selenium.remote.service.DriverCommandExecutor.execute(DriverCommandExecutor.java:142)
at org.openqa.selenium.remote.RemoteWebDriver.execute(RemoteWebDriver.java:547)
at org.openqa.selenium.remote.ElementLocation$ElementFinder$2.findElement(ElementLocation.java:162)
at org.openqa.selenium.remote.ElementLocation.findElement(ElementLocation.java:60)
at org.openqa.selenium.remote.RemoteWebDriver.findElement(RemoteWebDriver.java:365)
at org.openqa.selenium.remote.RemoteWebDriver.findElement(RemoteWebDriver.java:357)
at org.openqa.selenium.support.pagefactory.DefaultElementLocator.findElement(DefaultElementLocator.java:70)
at org.openqa.selenium.support.pagefactory.internal.LocatingElementHandler.invoke(LocatingElementHandler.java:39)
at com.sun.proxy.$Proxy12.getText(Unknown Source)
at com.obsqura.pages.WorkerSearchPage.getErrorMessage(WorkerSearchPage.java:57)
at com.obsqura.testscripts.WorkerPageTest.testInvalidWorkerName(WorkerPageTest.java:220)
... Removed 29 stack frames]]>
    </failure>
  </testcase> <!-- testInvalidWorkerName -->
  <testcase name="testNiNumberSearch" time="19.943" classname="com.obsqura.testscripts.WorkerPageTest"/>
  <testcase name="testPostCodeSerach" time="19.245" classname="com.obsqura.testscripts.WorkerPageTest"/>
  <testcase name="testWorkerLastNameSerach" time="19.101" classname="com.obsqura.testscripts.WorkerPageTest"/>
  <testcase name="testWorkerSerach" time="13.281" classname="com.obsqura.testscripts.WorkerPageTest"/>
  <testcase name="addingClient" time="11.409" classname="com.obsqura.testscripts.ClientPageTest"/>
  <testcase name="checkDisplayName" time="2.979" classname="com.obsqura.testscripts.ClientPageTest"/>
  <testcase name="testClientReset" time="13.789" classname="com.obsqura.testscripts.ClientPageTest"/>
  <testcase name="testClientResetId" time="8.833" classname="com.obsqura.testscripts.ClientPageTest"/>
  <testcase name="testClientSearchById" time="16.848" classname="com.obsqura.testscripts.ClientPageTest"/>
  <testcase name="testClientSerach" time="13.966" classname="com.obsqura.testscripts.ClientPageTest"/>
  <testcase name="testInvalidClient" time="15.955" classname="com.obsqura.testscripts.ClientPageTest"/>
  <testcase name="testLoginDisplay" time="5.789" classname="com.obsqura.testscripts.ClientPageTest"/>
  <testcase name="testLoginLogo" time="5.59" classname="com.obsqura.testscripts.ClientPageTest"/>
  <testcase name="addDeductionTest" time="12.226" classname="com.obsqura.testscripts.DeductionPageTest"/>
  <testcase name="checkDisplayName" time="1.997" classname="com.obsqura.testscripts.DeductionPageTest"/>
  <testcase name="setGenerateInvoice" time="15.385" classname="com.obsqura.testscripts.TimeSheetTest"/>
  <testcase name="setGeneratePaySlip" time="20.621" classname="com.obsqura.testscripts.TimeSheetTest"/>
  <testcase name="setTimSheetPage" time="8.024" classname="com.obsqura.testscripts.TimeSheetTest"/>
</testsuite> <!-- Test1 -->
