<html>
<head>
<title>TestNG:  Test1</title>
<link href="../testng.css" rel="stylesheet" type="text/css" />
<link href="../my-testng.css" rel="stylesheet" type="text/css" />

<style type="text/css">
.log { display: none;} 
.stack-trace { display: none;} 
</style>
<script type="text/javascript">
<!--
function flip(e) {
  current = e.style.display;
  if (current == 'block') {
    e.style.display = 'none';
    return 0;
  }
  else {
    e.style.display = 'block';
    return 1;
  }
}

function toggleBox(szDivId, elem, msg1, msg2)
{
  var res = -1;  if (document.getElementById) {
    res = flip(document.getElementById(szDivId));
  }
  else if (document.all) {
    // this is the way old msie versions work
    res = flip(document.all[szDivId]);
  }
  if(elem) {
    if(res == 0) elem.innerHTML = msg1; else elem.innerHTML = msg2;
  }

}

function toggleAllBoxes() {
  if (document.getElementsByTagName) {
    d = document.getElementsByTagName('div');
    for (i = 0; i < d.length; i++) {
      if (d[i].className == 'log') {
        flip(d[i]);
      }
    }
  }
}

// -->
</script>

</head>
<body>
<h2 align='center'>Test1</h2><table border='1' align="center">
<tr>
<td>Tests passed/Failed/Skipped:</td><td>29/1/0</td>
</tr><tr>
<td>Started on:</td><td>Tue Nov 29 09:14:34 IST 2022</td>
</tr>
<tr><td>Total time:</td><td>563 seconds (563140 ms)</td>
</tr><tr>
<td>Included groups:</td><td></td>
</tr><tr>
<td>Excluded groups:</td><td></td>
</tr>
</table><p/>
<small><i>(Hover the method name to see the test class name)</i></small><p/>
<table width='100%' border='1' class='invocation-failed'>
<tr><td colspan='4' align='center'><b>FAILED TESTS</b></td></tr>
<tr><td><b>Test method</b></td>
<td width="30%"><b>Exception</b></td>
<td width="10%"><b>Time (seconds)</b></td>
<td><b>Instance</b></td>
</tr>
<tr>
<td title='com.obsqura.testscripts.WorkerPageTest.testInvalidWorkerName()'><b>testInvalidWorkerName</b><br>Test class: com.obsqura.testscripts.WorkerPageTest</td>
<td><div><pre>org.openqa.selenium.NoSuchElementException: no such element: Unable to locate element: {&quot;method&quot;:&quot;xpath&quot;,&quot;selector&quot;:&quot;//*[@id=&quot;w1&quot;]/table/tbody/tr/td/div&quot;}
  (Session info: chrome=107.0.5304.122)
For documentation on this error, please visit: https://selenium.dev/exceptions/#no_such_element
Build info: version: &apos;4.4.0&apos;, revision: &apos;e5c75ed026a&apos;
System info: host: &apos;LEPS&apos;, ip: &apos;192.168.1.3&apos;, os.name: &apos;Windows 11&apos;, os.arch: &apos;amd64&apos;, os.version: &apos;10.0&apos;, java.version: &apos;1.8.0_333&apos;
Driver info: org.openqa.selenium.chrome.ChromeDriver
Command: [d956277b0491678c90c7fcf9b1f195ad, findElement {using=xpath, value=//*[@id=&quot;w1&quot;]/table/tbody/tr/td/div}]
Capabilities {acceptInsecureCerts: false, browserName: chrome, browserVersion: 107.0.5304.122, chrome: {chromedriverVersion: 107.0.5304.62 (1eec40d3a576..., userDataDir: C:\Users\ACER\AppData\Local...}, goog:chromeOptions: {debuggerAddress: localhost:56946}, networkConnectionEnabled: false, pageLoadStrategy: normal, platformName: WINDOWS, proxy: Proxy(), se:cdp: ws://localhost:56946/devtoo..., se:cdpVersion: 107.0.5304.122, setWindowRect: true, strictFileInteractability: false, timeouts: {implicit: 0, pageLoad: 300000, script: 30000}, unhandledPromptBehavior: dismiss and notify, webauthn:extension:credBlob: true, webauthn:extension:largeBlob: true, webauthn:virtualAuthenticators: true}
Session ID: d956277b0491678c90c7fcf9b1f195ad
	at org.openqa.selenium.remote.codec.w3c.W3CHttpResponseCodec.createException(W3CHttpResponseCodec.java:200)
	at org.openqa.selenium.remote.codec.w3c.W3CHttpResponseCodec.decode(W3CHttpResponseCodec.java:133)
	at org.openqa.selenium.remote.codec.w3c.W3CHttpResponseCodec.decode(W3CHttpResponseCodec.java:53)
	at org.openqa.selenium.remote.HttpCommandExecutor.execute(HttpCommandExecutor.java:184)
	at org.openqa.selenium.remote.service.DriverCommandExecutor.invokeExecute(DriverCommandExecutor.java:167)
	at org.openqa.selenium.remote.service.DriverCommandExecutor.execute(DriverCommandExecutor.java:142)
	at org.openqa.selenium.remote.RemoteWebDriver.execute(RemoteWebDriver.java:547)
	at org.openqa.selenium.remote.ElementLocation$ElementFinder$2.findElement(ElementLocation.java:162)
	at org.openqa.selenium.remote.ElementLocation.findElement(ElementLocation.java:60)
	at org.openqa.selenium.remote.RemoteWebDriver.findElement(RemoteWebDriver.java:365)
	at org.openqa.selenium.remote.RemoteWebDriver.findElement(RemoteWebDriver.java:357)
	at org.openqa.selenium.support.pagefactory.DefaultElementLocator.findElement(DefaultElementLocator.java:70)
	at org.openqa.selenium.support.pagefactory.internal.LocatingElementHandler.invoke(LocatingElementHandler.java:39)
	at com.sun.proxy.$Proxy12.getText(Unknown Source)
	at com.obsqura.pages.WorkerSearchPage.getErrorMessage(WorkerSearchPage.java:57)
	at com.obsqura.testscripts.WorkerPageTest.testInvalidWorkerName(WorkerPageTest.java:220)
... Removed 29 stack frames</pre></div><a href='#' onClick='toggleBox("stack-trace1287658623", this, "Click to show all stack frames", "Click to hide stack frames")'>Click to show all stack frames</a>
<div class='stack-trace' id='stack-trace1287658623'><pre>org.openqa.selenium.NoSuchElementException: no such element: Unable to locate element: {&quot;method&quot;:&quot;xpath&quot;,&quot;selector&quot;:&quot;//*[@id=&quot;w1&quot;]/table/tbody/tr/td/div&quot;}
  (Session info: chrome=107.0.5304.122)
For documentation on this error, please visit: https://selenium.dev/exceptions/#no_such_element
Build info: version: &apos;4.4.0&apos;, revision: &apos;e5c75ed026a&apos;
System info: host: &apos;LEPS&apos;, ip: &apos;192.168.1.3&apos;, os.name: &apos;Windows 11&apos;, os.arch: &apos;amd64&apos;, os.version: &apos;10.0&apos;, java.version: &apos;1.8.0_333&apos;
Driver info: org.openqa.selenium.chrome.ChromeDriver
Command: [d956277b0491678c90c7fcf9b1f195ad, findElement {using=xpath, value=//*[@id=&quot;w1&quot;]/table/tbody/tr/td/div}]
Capabilities {acceptInsecureCerts: false, browserName: chrome, browserVersion: 107.0.5304.122, chrome: {chromedriverVersion: 107.0.5304.62 (1eec40d3a576..., userDataDir: C:\Users\ACER\AppData\Local...}, goog:chromeOptions: {debuggerAddress: localhost:56946}, networkConnectionEnabled: false, pageLoadStrategy: normal, platformName: WINDOWS, proxy: Proxy(), se:cdp: ws://localhost:56946/devtoo..., se:cdpVersion: 107.0.5304.122, setWindowRect: true, strictFileInteractability: false, timeouts: {implicit: 0, pageLoad: 300000, script: 30000}, unhandledPromptBehavior: dismiss and notify, webauthn:extension:credBlob: true, webauthn:extension:largeBlob: true, webauthn:virtualAuthenticators: true}
Session ID: d956277b0491678c90c7fcf9b1f195ad
	at sun.reflect.NativeConstructorAccessorImpl.newInstance0(Native Method)
	at sun.reflect.NativeConstructorAccessorImpl.newInstance(NativeConstructorAccessorImpl.java:62)
	at sun.reflect.DelegatingConstructorAccessorImpl.newInstance(DelegatingConstructorAccessorImpl.java:45)
	at java.lang.reflect.Constructor.newInstance(Constructor.java:423)
	at org.openqa.selenium.remote.codec.w3c.W3CHttpResponseCodec.createException(W3CHttpResponseCodec.java:200)
	at org.openqa.selenium.remote.codec.w3c.W3CHttpResponseCodec.decode(W3CHttpResponseCodec.java:133)
	at org.openqa.selenium.remote.codec.w3c.W3CHttpResponseCodec.decode(W3CHttpResponseCodec.java:53)
	at org.openqa.selenium.remote.HttpCommandExecutor.execute(HttpCommandExecutor.java:184)
	at org.openqa.selenium.remote.service.DriverCommandExecutor.invokeExecute(DriverCommandExecutor.java:167)
	at org.openqa.selenium.remote.service.DriverCommandExecutor.execute(DriverCommandExecutor.java:142)
	at org.openqa.selenium.remote.RemoteWebDriver.execute(RemoteWebDriver.java:547)
	at org.openqa.selenium.remote.ElementLocation$ElementFinder$2.findElement(ElementLocation.java:162)
	at org.openqa.selenium.remote.ElementLocation.findElement(ElementLocation.java:60)
	at org.openqa.selenium.remote.RemoteWebDriver.findElement(RemoteWebDriver.java:365)
	at org.openqa.selenium.remote.RemoteWebDriver.findElement(RemoteWebDriver.java:357)
	at org.openqa.selenium.support.pagefactory.DefaultElementLocator.findElement(DefaultElementLocator.java:70)
	at org.openqa.selenium.support.pagefactory.internal.LocatingElementHandler.invoke(LocatingElementHandler.java:39)
	at com.sun.proxy.$Proxy12.getText(Unknown Source)
	at com.obsqura.pages.WorkerSearchPage.getErrorMessage(WorkerSearchPage.java:57)
	at com.obsqura.testscripts.WorkerPageTest.testInvalidWorkerName(WorkerPageTest.java:220)
	at sun.reflect.NativeMethodAccessorImpl.invoke0(Native Method)
	at sun.reflect.NativeMethodAccessorImpl.invoke(NativeMethodAccessorImpl.java:62)
	at sun.reflect.DelegatingMethodAccessorImpl.invoke(DelegatingMethodAccessorImpl.java:43)
	at java.lang.reflect.Method.invoke(Method.java:498)
	at org.testng.internal.MethodInvocationHelper.invokeMethod(MethodInvocationHelper.java:124)
	at org.testng.internal.Invoker.invokeMethod(Invoker.java:583)
	at org.testng.internal.Invoker.invokeTestMethod(Invoker.java:719)
	at org.testng.internal.Invoker.invokeTestMethods(Invoker.java:989)
	at org.testng.internal.TestMethodWorker.invokeTestMethods(TestMethodWorker.java:125)
	at org.testng.internal.TestMethodWorker.run(TestMethodWorker.java:109)
	at org.testng.TestRunner.privateRun(TestRunner.java:648)
	at org.testng.TestRunner.run(TestRunner.java:505)
	at org.testng.SuiteRunner.runTest(SuiteRunner.java:455)
	at org.testng.SuiteRunner.runSequentially(SuiteRunner.java:450)
	at org.testng.SuiteRunner.privateRun(SuiteRunner.java:415)
	at org.testng.SuiteRunner.run(SuiteRunner.java:364)
	at org.testng.SuiteRunnerWorker.runSuite(SuiteRunnerWorker.java:52)
	at org.testng.SuiteRunnerWorker.run(SuiteRunnerWorker.java:84)
	at org.testng.TestNG.runSuitesSequentially(TestNG.java:1208)
	at org.testng.TestNG.runSuitesLocally(TestNG.java:1137)
	at org.testng.TestNG.runSuites(TestNG.java:1049)
	at org.testng.TestNG.run(TestNG.java:1017)
	at org.testng.remote.AbstractRemoteTestNG.run(AbstractRemoteTestNG.java:115)
	at org.testng.remote.RemoteTestNG.initAndRun(RemoteTestNG.java:251)
	at org.testng.remote.RemoteTestNG.main(RemoteTestNG.java:77)
</pre></div></td>
<td>18</td>
<td>com.obsqura.testscripts.WorkerPageTest@35cabb2a</td></tr>
</table><p>
<table width='100%' border='1' class='invocation-passed'>
<tr><td colspan='4' align='center'><b>PASSED TESTS</b></td></tr>
<tr><td><b>Test method</b></td>
<td width="30%"><b>Exception</b></td>
<td width="10%"><b>Time (seconds)</b></td>
<td><b>Instance</b></td>
</tr>
<tr>
<td title='com.obsqura.testscripts.DeductionPageTest.addDeductionTest()'><b>addDeductionTest</b><br>Test class: com.obsqura.testscripts.DeductionPageTest</td>
<td></td>
<td>12</td>
<td>com.obsqura.testscripts.DeductionPageTest@1189dd52</td></tr>
<tr>
<td title='com.obsqura.testscripts.ClientPageTest.addingClient()'><b>addingClient</b><br>Test class: com.obsqura.testscripts.ClientPageTest</td>
<td></td>
<td>11</td>
<td>com.obsqura.testscripts.ClientPageTest@7e07db1f</td></tr>
<tr>
<td title='com.obsqura.testscripts.WorkerPageTest.checkDisplayName()'><b>checkDisplayName</b><br>Test class: com.obsqura.testscripts.WorkerPageTest</td>
<td></td>
<td>7</td>
<td>com.obsqura.testscripts.WorkerPageTest@35cabb2a</td></tr>
<tr>
<td title='com.obsqura.testscripts.ClientPageTest.checkDisplayName()'><b>checkDisplayName</b><br>Test class: com.obsqura.testscripts.ClientPageTest</td>
<td></td>
<td>2</td>
<td>com.obsqura.testscripts.ClientPageTest@7e07db1f</td></tr>
<tr>
<td title='com.obsqura.testscripts.DeductionPageTest.checkDisplayName()'><b>checkDisplayName</b><br>Test class: com.obsqura.testscripts.DeductionPageTest</td>
<td></td>
<td>1</td>
<td>com.obsqura.testscripts.DeductionPageTest@1189dd52</td></tr>
<tr>
<td title='com.obsqura.testscripts.HomePageTest.closeBrowser()'><b>closeBrowser</b><br>Test class: com.obsqura.testscripts.HomePageTest</td>
<td></td>
<td>0</td>
<td>com.obsqura.testscripts.HomePageTest@3a93b025</td></tr>
<tr>
<td title='com.obsqura.testscripts.TimeSheetTest.setGenerateInvoice()'><b>setGenerateInvoice</b><br>Test class: com.obsqura.testscripts.TimeSheetTest</td>
<td></td>
<td>15</td>
<td>com.obsqura.testscripts.TimeSheetTest@36bc55de</td></tr>
<tr>
<td title='com.obsqura.testscripts.TimeSheetTest.setGeneratePaySlip()'><b>setGeneratePaySlip</b><br>Test class: com.obsqura.testscripts.TimeSheetTest</td>
<td></td>
<td>20</td>
<td>com.obsqura.testscripts.TimeSheetTest@36bc55de</td></tr>
<tr>
<td title='com.obsqura.testscripts.TimeSheetTest.setTimSheetPage()'><b>setTimSheetPage</b><br>Test class: com.obsqura.testscripts.TimeSheetTest</td>
<td></td>
<td>8</td>
<td>com.obsqura.testscripts.TimeSheetTest@36bc55de</td></tr>
<tr>
<td title='com.obsqura.testscripts.WorkerPageTest.testAddWorkerSave()'><b>testAddWorkerSave</b><br>Test class: com.obsqura.testscripts.WorkerPageTest</td>
<td></td>
<td>19</td>
<td>com.obsqura.testscripts.WorkerPageTest@35cabb2a</td></tr>
<tr>
<td title='com.obsqura.testscripts.HomePageTest.testCheckBox()'><b>testCheckBox</b><br>Test class: com.obsqura.testscripts.HomePageTest</td>
<td></td>
<td>4</td>
<td>com.obsqura.testscripts.HomePageTest@3a93b025</td></tr>
<tr>
<td title='com.obsqura.testscripts.HomePageTest.testCheckTitle()'><b>testCheckTitle</b><br>Test class: com.obsqura.testscripts.HomePageTest</td>
<td></td>
<td>0</td>
<td>com.obsqura.testscripts.HomePageTest@3a93b025</td></tr>
<tr>
<td title='com.obsqura.testscripts.ClientPageTest.testClientReset()'><b>testClientReset</b><br>Test class: com.obsqura.testscripts.ClientPageTest</td>
<td></td>
<td>13</td>
<td>com.obsqura.testscripts.ClientPageTest@7e07db1f</td></tr>
<tr>
<td title='com.obsqura.testscripts.ClientPageTest.testClientResetId()'><b>testClientResetId</b><br>Test class: com.obsqura.testscripts.ClientPageTest</td>
<td></td>
<td>8</td>
<td>com.obsqura.testscripts.ClientPageTest@7e07db1f</td></tr>
<tr>
<td title='com.obsqura.testscripts.ClientPageTest.testClientSearchById()'><b>testClientSearchById</b><br>Test class: com.obsqura.testscripts.ClientPageTest</td>
<td></td>
<td>16</td>
<td>com.obsqura.testscripts.ClientPageTest@7e07db1f</td></tr>
<tr>
<td title='com.obsqura.testscripts.ClientPageTest.testClientSerach()'><b>testClientSerach</b><br>Test class: com.obsqura.testscripts.ClientPageTest</td>
<td></td>
<td>13</td>
<td>com.obsqura.testscripts.ClientPageTest@7e07db1f</td></tr>
<tr>
<td title='com.obsqura.testscripts.WorkerPageTest.testCreateWorkerTab()'><b>testCreateWorkerTab</b><br>Test class: com.obsqura.testscripts.WorkerPageTest</td>
<td></td>
<td>4</td>
<td>com.obsqura.testscripts.WorkerPageTest@35cabb2a</td></tr>
<tr>
<td title='com.obsqura.testscripts.ClientPageTest.testInvalidClient()'><b>testInvalidClient</b><br>Test class: com.obsqura.testscripts.ClientPageTest</td>
<td></td>
<td>15</td>
<td>com.obsqura.testscripts.ClientPageTest@7e07db1f</td></tr>
<tr>
<td title='com.obsqura.testscripts.HomePageTest.testInvalidCredentials()'><b>testInvalidCredentials</b><br>Test class: com.obsqura.testscripts.HomePageTest</td>
<td></td>
<td>11</td>
<td>com.obsqura.testscripts.HomePageTest@3a93b025</td></tr>
<tr>
<td title='com.obsqura.testscripts.HomePageTest.testLogin()'><b>testLogin</b><br>Test class: com.obsqura.testscripts.HomePageTest</td>
<td></td>
<td>2</td>
<td>com.obsqura.testscripts.HomePageTest@3a93b025</td></tr>
<tr>
<td title='com.obsqura.testscripts.ClientPageTest.testLoginDisplay()'><b>testLoginDisplay</b><br>Test class: com.obsqura.testscripts.ClientPageTest</td>
<td></td>
<td>5</td>
<td>com.obsqura.testscripts.ClientPageTest@7e07db1f</td></tr>
<tr>
<td title='com.obsqura.testscripts.ClientPageTest.testLoginLogo()'><b>testLoginLogo</b><br>Test class: com.obsqura.testscripts.ClientPageTest</td>
<td></td>
<td>5</td>
<td>com.obsqura.testscripts.ClientPageTest@7e07db1f</td></tr>
<tr>
<td title='com.obsqura.testscripts.HomePageTest.testLogout()'><b>testLogout</b><br>Test class: com.obsqura.testscripts.HomePageTest</td>
<td></td>
<td>4</td>
<td>com.obsqura.testscripts.HomePageTest@3a93b025</td></tr>
<tr>
<td title='com.obsqura.testscripts.WorkerPageTest.testNiNumberSearch()'><b>testNiNumberSearch</b><br>Test class: com.obsqura.testscripts.WorkerPageTest</td>
<td></td>
<td>19</td>
<td>com.obsqura.testscripts.WorkerPageTest@35cabb2a</td></tr>
<tr>
<td title='com.obsqura.testscripts.WorkerPageTest.testPostCodeSerach()'><b>testPostCodeSerach</b><br>Test class: com.obsqura.testscripts.WorkerPageTest</td>
<td></td>
<td>19</td>
<td>com.obsqura.testscripts.WorkerPageTest@35cabb2a</td></tr>
<tr>
<td title='com.obsqura.testscripts.HomePageTest.testResetPassword()'><b>testResetPassword</b><br>Test class: com.obsqura.testscripts.HomePageTest</td>
<td></td>
<td>3</td>
<td>com.obsqura.testscripts.HomePageTest@3a93b025</td></tr>
<tr>
<td title='com.obsqura.testscripts.WorkerPageTest.testWorkerLastNameSerach()'><b>testWorkerLastNameSerach</b><br>Test class: com.obsqura.testscripts.WorkerPageTest</td>
<td></td>
<td>19</td>
<td>com.obsqura.testscripts.WorkerPageTest@35cabb2a</td></tr>
<tr>
<td title='com.obsqura.testscripts.WorkerPageTest.testWorkerSerach()'><b>testWorkerSerach</b><br>Test class: com.obsqura.testscripts.WorkerPageTest</td>
<td></td>
<td>13</td>
<td>com.obsqura.testscripts.WorkerPageTest@35cabb2a</td></tr>
<tr>
<td title='com.obsqura.testscripts.HomePageTest.testingInvalidLoginBlank()'><b>testingInvalidLoginBlank</b><br>Test class: com.obsqura.testscripts.HomePageTest</td>
<td></td>
<td>16</td>
<td>com.obsqura.testscripts.HomePageTest@3a93b025</td></tr>
</table><p>
</body>
</html>